<?xml version="1.0" encoding="UTF-8"?>
<!-- Generated by org.testng.reporters.JUnitReportReporter -->
<testsuite hostname="Laptom" failures="0" tests="14" name="com.tutorialsNinja.Runner_Files.TestRunner_TestNG" time="74.560" errors="0" timestamp="2024-05-20T22:04:19 EDT" skipped="0">
  <testcase classname="com.tutorialsNinja.Runner_Files.TestRunner_TestNG" name="runScenario" time="5.066"/>
  <testcase classname="com.tutorialsNinja.Runner_Files.TestRunner_TestNG" name="runScenario" time="5.514"/>
  <testcase classname="com.tutorialsNinja.Runner_Files.TestRunner_TestNG" name="runScenario" time="6.603"/>
  <testcase classname="com.tutorialsNinja.Runner_Files.TestRunner_TestNG" name="runScenario" time="4.777"/>
  <testcase classname="com.tutorialsNinja.Runner_Files.TestRunner_TestNG" name="runScenario" time="6.109"/>
  <testcase classname="com.tutorialsNinja.Runner_Files.TestRunner_TestNG" name="runScenario" time="4.674"/>
  <testcase classname="com.tutorialsNinja.Runner_Files.TestRunner_TestNG" name="runScenario" time="5.657"/>
  <testcase classname="com.tutorialsNinja.Runner_Files.TestRunner_TestNG" name="runScenario" time="5.420"/>
  <testcase classname="com.tutorialsNinja.Runner_Files.TestRunner_TestNG" name="runScenario" time="3.945"/>
  <testcase classname="com.tutorialsNinja.Runner_Files.TestRunner_TestNG" name="runScenario" time="4.499"/>
  <testcase classname="com.tutorialsNinja.Runner_Files.TestRunner_TestNG" name="runScenario" time="5.902"/>
  <testcase classname="com.tutorialsNinja.Runner_Files.TestRunner_TestNG" name="runScenario" time="6.005"/>
  <testcase classname="com.tutorialsNinja.Runner_Files.TestRunner_TestNG" name="runScenario" time="4.741"/>
  <testcase classname="com.tutorialsNinja.Runner_Files.TestRunner_TestNG" name="runScenario" time="5.648"/>
</testsuite> <!-- com.tutorialsNinja.Runner_Files.TestRunner_TestNG -->
